# JRE version: OpenJDK Runtime Environment Temurin-21.0.10+7 (21.0.10+7) (build 21.0.10+7-LTS)
# Java VM: OpenJDK 64-Bit Server VM Temurin-21.0.10+7 (21.0.10+7-LTS, mixed mode, sharing, tiered, compressed oops, compressed class ptrs, parallel gc, windows-amd64)
GC Precious Log:
 CardTable entry size: 512
 CPUs: 12 total, 12 available
 Memory: 5996M
 Large Page Support: Disabled
 NUMA Support: Disabled
 Compressed Oops: Enabled (32-bit)
 Alignments: Space 512K, Generation 512K, Heap 2M
 Heap Min Capacity: 100M
 Heap Initial Capacity: 100M
 Heap Max Capacity: 2G
 Pre-touch: Disabled
 Parallel Workers: 10
Heap:
 PSYoungGen      total 23040K, used 15505K [0x00000000d5580000, 0x00000000d6d80000, 0x0000000100000000)
  eden space 21504K, 66% used [0x00000000d5580000,0x00000000d63786c0,0x00000000d6a80000)
  from space 1536K, 78% used [0x00000000d6a80000,0x00000000d6bac010,0x00000000d6c00000)
  to   space 1536K, 0% used [0x00000000d6c00000,0x00000000d6c00000,0x00000000d6d80000)
 ParOldGen       total 68608K, used 23310K [0x0000000080000000, 0x0000000084300000, 0x00000000d5580000)
  object space 68608K, 33% used [0x0000000080000000,0x00000000816c3a78,0x0000000084300000)
 Metaspace       used 39027K, committed 40128K, reserved 1114112K
  class space    used 4099K, committed 4608K, reserved 1048576K
GC Heap History (20 events):
Event: 26.278 GC heap before
{Heap before GC invocations=8 (full 0):
 PSYoungGen      total 26624K, used 13678K [0x00000000d5580000, 0x00000000d7780000, 0x0000000100000000)
  eden space 21504K, 40% used [0x00000000d5580000,0x00000000d5de69d8,0x00000000d6a80000)
  from space 5120K, 99% used [0x00000000d6a80000,0x00000000d6f75178,0x00000000d6f80000)
  to   space 6656K, 0% used [0x00000000d7100000,0x00000000d7100000,0x00000000d7780000)
 ParOldGen       total 68608K, used 12235K [0x0000000080000000, 0x0000000084300000, 0x00000000d5580000)
  object space 68608K, 17% used [0x0000000080000000,0x0000000080bf2f80,0x0000000084300000)
 Metaspace       used 20731K, committed 21504K, reserved 1114112K
  class space    used 2182K, committed 2496K, reserved 1048576K
}
Event: 26.282 GC heap after
{Heap after GC invocations=8 (full 0):
 PSYoungGen      total 26624K, used 4618K [0x00000000d5580000, 0x00000000d7600000, 0x0000000100000000)
  eden space 21504K, 0% used [0x00000000d5580000,0x00000000d5580000,0x00000000d6a80000)
  from space 5120K, 90% used [0x00000000d7100000,0x00000000d7582898,0x00000000d7600000)
  to   space 5120K, 0% used [0x00000000d6a80000,0x00000000d6a80000,0x00000000d6f80000)
 ParOldGen       total 68608K, used 13109K [0x0000000080000000, 0x0000000084300000, 0x00000000d5580000)
  object space 68608K, 19% used [0x0000000080000000,0x0000000080ccd4d0,0x0000000084300000)
 Metaspace       used 20731K, committed 21504K, reserved 1114112K
  class space    used 2182K, committed 2496K, reserved 1048576K
}
Event: 26.282 GC heap before
{Heap before GC invocations=9 (full 1):
 PSYoungGen      total 26624K, used 4618K [0x00000000d5580000, 0x00000000d7600000, 0x0000000100000000)
  eden space 21504K, 0% used [0x00000000d5580000,0x00000000d5580000,0x00000000d6a80000)
  from space 5120K, 90% used [0x00000000d7100000,0x00000000d7582898,0x00000000d7600000)
  to   space 5120K, 0% used [0x00000000d6a80000,0x00000000d6a80000,0x00000000d6f80000)
 ParOldGen       total 68608K, used 13109K [0x0000000080000000, 0x0000000084300000, 0x00000000d5580000)
  object space 68608K, 19% used [0x0000000080000000,0x0000000080ccd4d0,0x0000000084300000)
 Metaspace       used 20731K, committed 21504K, reserved 1114112K
  class space    used 2182K, committed 2496K, reserved 1048576K
}
Event: 26.357 GC heap after
{Heap after GC invocations=9 (full 1):
 PSYoungGen      total 26624K, used 0K [0x00000000d5580000, 0x00000000d7600000, 0x0000000100000000)
  eden space 21504K, 0% used [0x00000000d5580000,0x00000000d5580000,0x00000000d6a80000)
  from space 5120K, 0% used [0x00000000d7100000,0x00000000d7100000,0x00000000d7600000)
  to   space 5120K, 0% used [0x00000000d6a80000,0x00000000d6a80000,0x00000000d6f80000)
 ParOldGen       total 68608K, used 16945K [0x0000000080000000, 0x0000000084300000, 0x00000000d5580000)
  object space 68608K, 24% used [0x0000000080000000,0x000000008108c468,0x0000000084300000)
 Metaspace       used 20718K, committed 21504K, reserved 1114112K
  class space    used 2179K, committed 2496K, reserved 1048576K
}
Event: 26.538 GC heap before
{Heap before GC invocations=10 (full 1):
 PSYoungGen      total 26624K, used 21504K [0x00000000d5580000, 0x00000000d7600000, 0x0000000100000000)
  eden space 21504K, 100% used [0x00000000d5580000,0x00000000d6a80000,0x00000000d6a80000)
  from space 5120K, 0% used [0x00000000d7100000,0x00000000d7100000,0x00000000d7600000)
  to   space 5120K, 0% used [0x00000000d6a80000,0x00000000d6a80000,0x00000000d6f80000)
 ParOldGen       total 68608K, used 16945K [0x0000000080000000, 0x0000000084300000, 0x00000000d5580000)
  object space 68608K, 24% used [0x0000000080000000,0x000000008108c468,0x0000000084300000)
 Metaspace       used 22638K, committed 23488K, reserved 1114112K
  class space    used 2327K, committed 2688K, reserved 1048576K
}
Event: 26.539 GC heap after
{Heap after GC invocations=10 (full 1):
 PSYoungGen      total 22528K, used 656K [0x00000000d5580000, 0x00000000d7180000, 0x0000000100000000)
  eden space 21504K, 0% used [0x00000000d5580000,0x00000000d5580000,0x00000000d6a80000)
  from space 1024K, 64% used [0x00000000d6a80000,0x00000000d6b24360,0x00000000d6b80000)
  to   space 2560K, 0% used [0x00000000d6f00000,0x00000000d6f00000,0x00000000d7180000)
 ParOldGen       total 68608K, used 16953K [0x0000000080000000, 0x0000000084300000, 0x00000000d5580000)
  object space 68608K, 24% used [0x0000000080000000,0x000000008108e468,0x0000000084300000)
 Metaspace       used 22638K, committed 23488K, reserved 1114112K
  class space    used 2327K, committed 2688K, reserved 1048576K
}
Event: 26.727 GC heap before
{Heap before GC invocations=11 (full 1):
 PSYoungGen      total 22528K, used 22160K [0x00000000d5580000, 0x00000000d7180000, 0x0000000100000000)
  eden space 21504K, 100% used [0x00000000d5580000,0x00000000d6a80000,0x00000000d6a80000)
  from space 1024K, 64% used [0x00000000d6a80000,0x00000000d6b24360,0x00000000d6b80000)
  to   space 2560K, 0% used [0x00000000d6f00000,0x00000000d6f00000,0x00000000d7180000)
 ParOldGen       total 68608K, used 16953K [0x0000000080000000, 0x0000000084300000, 0x00000000d5580000)
  object space 68608K, 24% used [0x0000000080000000,0x000000008108e468,0x0000000084300000)
 Metaspace       used 25881K, committed 26624K, reserved 1114112K
  class space    used 2557K, committed 2880K, reserved 1048576K
}
Event: 26.728 GC heap after
{Heap after GC invocations=11 (full 1):
 PSYoungGen      total 22528K, used 968K [0x00000000d5580000, 0x00000000d7000000, 0x0000000100000000)
  eden space 21504K, 0% used [0x00000000d5580000,0x00000000d5580000,0x00000000d6a80000)
  from space 1024K, 94% used [0x00000000d6f00000,0x00000000d6ff23f0,0x00000000d7000000)
  to   space 1536K, 0% used [0x00000000d6d00000,0x00000000d6d00000,0x00000000d6e80000)
 ParOldGen       total 68608K, used 16961K [0x0000000080000000, 0x0000000084300000, 0x00000000d5580000)
  object space 68608K, 24% used [0x0000000080000000,0x0000000081090468,0x0000000084300000)
 Metaspace       used 25881K, committed 26624K, reserved 1114112K
  class space    used 2557K, committed 2880K, reserved 1048576K
}
Event: 26.918 GC heap before
{Heap before GC invocations=12 (full 1):
 PSYoungGen      total 22528K, used 22472K [0x00000000d5580000, 0x00000000d7000000, 0x0000000100000000)
  eden space 21504K, 100% used [0x00000000d5580000,0x00000000d6a80000,0x00000000d6a80000)
  from space 1024K, 94% used [0x00000000d6f00000,0x00000000d6ff23f0,0x00000000d7000000)
  to   space 1536K, 0% used [0x00000000d6d00000,0x00000000d6d00000,0x00000000d6e80000)
 ParOldGen       total 68608K, used 16961K [0x0000000080000000, 0x0000000084300000, 0x00000000d5580000)
  object space 68608K, 24% used [0x0000000080000000,0x0000000081090468,0x0000000084300000)
 Metaspace       used 27128K, committed 27968K, reserved 1114112K
  class space    used 2640K, committed 3008K, reserved 1048576K
}
Event: 26.920 GC heap after
{Heap after GC invocations=12 (full 1):
 PSYoungGen      total 23040K, used 1271K [0x00000000d5580000, 0x00000000d6f80000, 0x0000000100000000)
  eden space 21504K, 0% used [0x00000000d5580000,0x00000000d5580000,0x00000000d6a80000)
  from space 1536K, 82% used [0x00000000d6d00000,0x00000000d6e3dd08,0x00000000d6e80000)
  to   space 1024K, 0% used [0x00000000d6e80000,0x00000000d6e80000,0x00000000d6f80000)
 ParOldGen       total 68608K, used 18420K [0x0000000080000000, 0x0000000084300000, 0x00000000d5580000)
  object space 68608K, 26% used [0x0000000080000000,0x00000000811fd248,0x0000000084300000)
 Metaspace       used 27128K, committed 27968K, reserved 1114112K
  class space    used 2640K, committed 3008K, reserved 1048576K
}
Event: 27.259 GC heap before
{Heap before GC invocations=13 (full 1):
 PSYoungGen      total 23040K, used 22744K [0x00000000d5580000, 0x00000000d6f80000, 0x0000000100000000)
  eden space 21504K, 99% used [0x00000000d5580000,0x00000000d6a785e8,0x00000000d6a80000)
  from space 1536K, 82% used [0x00000000d6d00000,0x00000000d6e3dd08,0x00000000d6e80000)
  to   space 1024K, 0% used [0x00000000d6e80000,0x00000000d6e80000,0x00000000d6f80000)
 ParOldGen       total 68608K, used 18420K [0x0000000080000000, 0x0000000084300000, 0x00000000d5580000)
  object space 68608K, 26% used [0x0000000080000000,0x00000000811fd248,0x0000000084300000)
 Metaspace       used 30482K, committed 31424K, reserved 1114112K
  class space    used 2992K, committed 3392K, reserved 1048576K
}
Event: 27.261 GC heap after
{Heap after GC invocations=13 (full 1):
 PSYoungGen      total 22528K, used 1007K [0x00000000d5580000, 0x00000000d7280000, 0x0000000100000000)
  eden space 21504K, 0% used [0x00000000d5580000,0x00000000d5580000,0x00000000d6a80000)
  from space 1024K, 98% used [0x00000000d6e80000,0x00000000d6f7bdd0,0x00000000d6f80000)
  to   space 4096K, 0% used [0x00000000d6a80000,0x00000000d6a80000,0x00000000d6e80000)
 ParOldGen       total 68608K, used 20830K [0x0000000080000000, 0x0000000084300000, 0x00000000d5580000)
  object space 68608K, 30% used [0x0000000080000000,0x0000000081457ae8,0x0000000084300000)
 Metaspace       used 30482K, committed 31424K, reserved 1114112K
  class space    used 2992K, committed 3392K, reserved 1048576K
}
Event: 27.395 GC heap before
{Heap before GC invocations=14 (full 1):
 PSYoungGen      total 22528K, used 22511K [0x00000000d5580000, 0x00000000d7280000, 0x0000000100000000)
  eden space 21504K, 100% used [0x00000000d5580000,0x00000000d6a80000,0x00000000d6a80000)
  from space 1024K, 98% used [0x00000000d6e80000,0x00000000d6f7bdd0,0x00000000d6f80000)
  to   space 4096K, 0% used [0x00000000d6a80000,0x00000000d6a80000,0x00000000d6e80000)
 ParOldGen       total 68608K, used 20830K [0x0000000080000000, 0x0000000084300000, 0x00000000d5580000)
  object space 68608K, 30% used [0x0000000080000000,0x0000000081457ae8,0x0000000084300000)
 Metaspace       used 33670K, committed 34752K, reserved 1114112K
  class space    used 3395K, committed 3904K, reserved 1048576K
}
Event: 27.397 GC heap after
{Heap after GC invocations=14 (full 1):
 PSYoungGen      total 23040K, used 1171K [0x00000000d5580000, 0x00000000d6f00000, 0x0000000100000000)
  eden space 21504K, 0% used [0x00000000d5580000,0x00000000d5580000,0x00000000d6a80000)
  from space 1536K, 76% used [0x00000000d6a80000,0x00000000d6ba4e68,0x00000000d6c00000)
  to   space 2048K, 0% used [0x00000000d6d00000,0x00000000d6d00000,0x00000000d6f00000)
 ParOldGen       total 68608K, used 21842K [0x0000000080000000, 0x0000000084300000, 0x00000000d5580000)
  object space 68608K, 31% used [0x0000000080000000,0x0000000081554850,0x0000000084300000)
 Metaspace       used 33670K, committed 34752K, reserved 1114112K
  class space    used 3395K, committed 3904K, reserved 1048576K
}
Event: 27.450 GC heap before
{Heap before GC invocations=15 (full 1):
 PSYoungGen      total 23040K, used 15879K [0x00000000d5580000, 0x00000000d6f00000, 0x0000000100000000)
  eden space 21504K, 68% used [0x00000000d5580000,0x00000000d63dd140,0x00000000d6a80000)
  from space 1536K, 76% used [0x00000000d6a80000,0x00000000d6ba4e68,0x00000000d6c00000)
  to   space 2048K, 0% used [0x00000000d6d00000,0x00000000d6d00000,0x00000000d6f00000)
 ParOldGen       total 68608K, used 21842K [0x0000000080000000, 0x0000000084300000, 0x00000000d5580000)
  object space 68608K, 31% used [0x0000000080000000,0x0000000081554850,0x0000000084300000)
 Metaspace       used 34771K, committed 35840K, reserved 1114112K
  class space    used 3534K, committed 3968K, reserved 1048576K
}
Event: 27.452 GC heap after
{Heap after GC invocations=15 (full 1):
 PSYoungGen      total 23040K, used 1395K [0x00000000d5580000, 0x00000000d6e80000, 0x0000000100000000)
  eden space 21504K, 0% used [0x00000000d5580000,0x00000000d5580000,0x00000000d6a80000)
  from space 1536K, 90% used [0x00000000d6d00000,0x00000000d6e5ceb0,0x00000000d6e80000)
  to   space 1536K, 0% used [0x00000000d6a80000,0x00000000d6a80000,0x00000000d6c00000)
 ParOldGen       total 68608K, used 22854K [0x0000000080000000, 0x0000000084300000, 0x00000000d5580000)
  object space 68608K, 33% used [0x0000000080000000,0x0000000081651b68,0x0000000084300000)
 Metaspace       used 34771K, committed 35840K, reserved 1114112K
  class space    used 3534K, committed 3968K, reserved 1048576K
}
Event: 27.452 GC heap before
{Heap before GC invocations=16 (full 2):
 PSYoungGen      total 23040K, used 1395K [0x00000000d5580000, 0x00000000d6e80000, 0x0000000100000000)
  eden space 21504K, 0% used [0x00000000d5580000,0x00000000d5580000,0x00000000d6a80000)
  from space 1536K, 90% used [0x00000000d6d00000,0x00000000d6e5ceb0,0x00000000d6e80000)
  to   space 1536K, 0% used [0x00000000d6a80000,0x00000000d6a80000,0x00000000d6c00000)
 ParOldGen       total 68608K, used 22854K [0x0000000080000000, 0x0000000084300000, 0x00000000d5580000)
  object space 68608K, 33% used [0x0000000080000000,0x0000000081651b68,0x0000000084300000)
 Metaspace       used 34771K, committed 35840K, reserved 1114112K
  class space    used 3534K, committed 3968K, reserved 1048576K
}
Event: 27.484 GC heap after
{Heap after GC invocations=16 (full 2):
 PSYoungGen      total 23040K, used 0K [0x00000000d5580000, 0x00000000d6e80000, 0x0000000100000000)
  eden space 21504K, 0% used [0x00000000d5580000,0x00000000d5580000,0x00000000d6a80000)
  from space 1536K, 0% used [0x00000000d6d00000,0x00000000d6d00000,0x00000000d6e80000)
  to   space 1536K, 0% used [0x00000000d6a80000,0x00000000d6a80000,0x00000000d6c00000)
 ParOldGen       total 68608K, used 23302K [0x0000000080000000, 0x0000000084300000, 0x00000000d5580000)
  object space 68608K, 33% used [0x0000000080000000,0x00000000816c1a78,0x0000000084300000)
 Metaspace       used 34771K, committed 35840K, reserved 1114112K
  class space    used 3534K, committed 3968K, reserved 1048576K
}
Event: 32.734 GC heap before
{Heap before GC invocations=17 (full 2):
 PSYoungGen      total 23040K, used 21504K [0x00000000d5580000, 0x00000000d6e80000, 0x0000000100000000)
  eden space 21504K, 100% used [0x00000000d5580000,0x00000000d6a80000,0x00000000d6a80000)
  from space 1536K, 0% used [0x00000000d6d00000,0x00000000d6d00000,0x00000000d6e80000)
  to   space 1536K, 0% used [0x00000000d6a80000,0x00000000d6a80000,0x00000000d6c00000)
 ParOldGen       total 68608K, used 23302K [0x0000000080000000, 0x0000000084300000, 0x00000000d5580000)
  object space 68608K, 33% used [0x0000000080000000,0x00000000816c1a78,0x0000000084300000)
 Metaspace       used 37837K, committed 38912K, reserved 1114112K
  class space    used 3937K, committed 4416K, reserved 1048576K
}
Event: 32.737 GC heap after
{Heap after GC invocations=17 (full 2):
 PSYoungGen      total 23040K, used 1200K [0x00000000d5580000, 0x00000000d6d80000, 0x0000000100000000)
  eden space 21504K, 0% used [0x00000000d5580000,0x00000000d5580000,0x00000000d6a80000)
  from space 1536K, 78% used [0x00000000d6a80000,0x00000000d6bac010,0x00000000d6c00000)
  to   space 1536K, 0% used [0x00000000d6c00000,0x00000000d6c00000,0x00000000d6d80000)
 ParOldGen       total 68608K, used 23310K [0x0000000080000000, 0x0000000084300000, 0x00000000d5580000)
  object space 68608K, 33% used [0x0000000080000000,0x00000000816c3a78,0x0000000084300000)
 Metaspace       used 37837K, committed 38912K, reserved 1114112K
  class space    used 3937K, committed 4416K, reserved 1048576K
}

