# JRE version: OpenJDK Runtime Environment Temurin-21.0.10+7 (21.0.10+7) (build 21.0.10+7-LTS)
# Java VM: OpenJDK 64-Bit Server VM Temurin-21.0.10+7 (21.0.10+7-LTS, mixed mode, sharing, tiered, compressed oops, compressed class ptrs, parallel gc, windows-amd64)
GC Precious Log:
 CardTable entry size: 512
 CPUs: 12 total, 12 available
 Memory: 5996M
 Large Page Support: Disabled
 NUMA Support: Disabled
 Compressed Oops: Enabled (32-bit)
 Alignments: Space 512K, Generation 512K, Heap 2M
 Heap Min Capacity: 100M
 Heap Initial Capacity: 100M
 Heap Max Capacity: 2G
 Pre-touch: Disabled
 Parallel Workers: 10
Heap:
 PSYoungGen      total 23040K, used 13386K [0x00000000d5580000, 0x00000000d7000000, 0x0000000100000000)
  eden space 21504K, 57% used [0x00000000d5580000,0x00000000d6182b78,0x00000000d6a80000)
  from space 1536K, 70% used [0x00000000d6e80000,0x00000000d6f90000,0x00000000d7000000)
  to   space 2048K, 0% used [0x00000000d6c00000,0x00000000d6c00000,0x00000000d6e00000)
 ParOldGen       total 68608K, used 40680K [0x0000000080000000, 0x0000000084300000, 0x00000000d5580000)
  object space 68608K, 59% used [0x0000000080000000,0x00000000827ba3a8,0x0000000084300000)
 Metaspace       used 45980K, committed 47040K, reserved 1114112K
  class space    used 4518K, committed 4992K, reserved 1048576K
GC Heap History (20 events):
Event: 21.901 GC heap before
{Heap before GC invocations=19 (full 1):
 PSYoungGen      total 24064K, used 2969K [0x00000000d5580000, 0x00000000d7780000, 0x0000000100000000)
  eden space 21504K, 1% used [0x00000000d5580000,0x00000000d55e6538,0x00000000d6a80000)
  from space 2560K, 100% used [0x00000000d6a80000,0x00000000d6d00000,0x00000000d6d00000)
  to   space 6656K, 0% used [0x00000000d7100000,0x00000000d7100000,0x00000000d7780000)
 ParOldGen       total 68608K, used 29628K [0x0000000080000000, 0x0000000084300000, 0x00000000d5580000)
  object space 68608K, 43% used [0x0000000080000000,0x0000000081cef3b8,0x0000000084300000)
 Metaspace       used 34959K, committed 35840K, reserved 1114112K
  class space    used 3510K, committed 3968K, reserved 1048576K
}
Event: 21.906 GC heap after
{Heap after GC invocations=19 (full 1):
 PSYoungGen      total 22016K, used 224K [0x00000000d5580000, 0x00000000d7180000, 0x0000000100000000)
  eden space 21504K, 0% used [0x00000000d5580000,0x00000000d5580000,0x00000000d6a80000)
  from space 512K, 43% used [0x00000000d7100000,0x00000000d7138000,0x00000000d7180000)
  to   space 2560K, 0% used [0x00000000d6c80000,0x00000000d6c80000,0x00000000d6f00000)
 ParOldGen       total 68608K, used 32195K [0x0000000080000000, 0x0000000084300000, 0x00000000d5580000)
  object space 68608K, 46% used [0x0000000080000000,0x0000000081f70d30,0x0000000084300000)
 Metaspace       used 34959K, committed 35840K, reserved 1114112K
  class space    used 3510K, committed 3968K, reserved 1048576K
}
Event: 21.906 GC heap before
{Heap before GC invocations=20 (full 2):
 PSYoungGen      total 22016K, used 224K [0x00000000d5580000, 0x00000000d7180000, 0x0000000100000000)
  eden space 21504K, 0% used [0x00000000d5580000,0x00000000d5580000,0x00000000d6a80000)
  from space 512K, 43% used [0x00000000d7100000,0x00000000d7138000,0x00000000d7180000)
  to   space 2560K, 0% used [0x00000000d6c80000,0x00000000d6c80000,0x00000000d6f00000)
 ParOldGen       total 68608K, used 32195K [0x0000000080000000, 0x0000000084300000, 0x00000000d5580000)
  object space 68608K, 46% used [0x0000000080000000,0x0000000081f70d30,0x0000000084300000)
 Metaspace       used 34959K, committed 35840K, reserved 1114112K
  class space    used 3510K, committed 3968K, reserved 1048576K
}
Event: 21.972 GC heap after
{Heap after GC invocations=20 (full 2):
 PSYoungGen      total 22016K, used 0K [0x00000000d5580000, 0x00000000d7180000, 0x0000000100000000)
  eden space 21504K, 0% used [0x00000000d5580000,0x00000000d5580000,0x00000000d6a80000)
  from space 512K, 0% used [0x00000000d7100000,0x00000000d7100000,0x00000000d7180000)
  to   space 2560K, 0% used [0x00000000d6c80000,0x00000000d6c80000,0x00000000d6f00000)
 ParOldGen       total 68608K, used 30961K [0x0000000080000000, 0x0000000084300000, 0x00000000d5580000)
  object space 68608K, 45% used [0x0000000080000000,0x0000000081e3c638,0x0000000084300000)
 Metaspace       used 34959K, committed 35840K, reserved 1114112K
  class space    used 3510K, committed 3968K, reserved 1048576K
}
Event: 22.497 GC heap before
{Heap before GC invocations=21 (full 2):
 PSYoungGen      total 22016K, used 21504K [0x00000000d5580000, 0x00000000d7180000, 0x0000000100000000)
  eden space 21504K, 100% used [0x00000000d5580000,0x00000000d6a80000,0x00000000d6a80000)
  from space 512K, 0% used [0x00000000d7100000,0x00000000d7100000,0x00000000d7180000)
  to   space 2560K, 0% used [0x00000000d6c80000,0x00000000d6c80000,0x00000000d6f00000)
 ParOldGen       total 68608K, used 30961K [0x0000000080000000, 0x0000000084300000, 0x00000000d5580000)
  object space 68608K, 45% used [0x0000000080000000,0x0000000081e3c638,0x0000000084300000)
 Metaspace       used 36109K, committed 37056K, reserved 1114112K
  class space    used 3656K, committed 4096K, reserved 1048576K
}
Event: 22.499 GC heap after
{Heap after GC invocations=21 (full 2):
 PSYoungGen      total 24064K, used 384K [0x00000000d5580000, 0x00000000d7180000, 0x0000000100000000)
  eden space 21504K, 0% used [0x00000000d5580000,0x00000000d5580000,0x00000000d6a80000)
  from space 2560K, 15% used [0x00000000d6c80000,0x00000000d6ce0000,0x00000000d6f00000)
  to   space 1024K, 0% used [0x00000000d7080000,0x00000000d7080000,0x00000000d7180000)
 ParOldGen       total 68608K, used 30969K [0x0000000080000000, 0x0000000084300000, 0x00000000d5580000)
  object space 68608K, 45% used [0x0000000080000000,0x0000000081e3e638,0x0000000084300000)
 Metaspace       used 36109K, committed 37056K, reserved 1114112K
  class space    used 3656K, committed 4096K, reserved 1048576K
}
Event: 22.716 GC heap before
{Heap before GC invocations=22 (full 2):
 PSYoungGen      total 24064K, used 21888K [0x00000000d5580000, 0x00000000d7180000, 0x0000000100000000)
  eden space 21504K, 100% used [0x00000000d5580000,0x00000000d6a80000,0x00000000d6a80000)
  from space 2560K, 15% used [0x00000000d6c80000,0x00000000d6ce0000,0x00000000d6f00000)
  to   space 1024K, 0% used [0x00000000d7080000,0x00000000d7080000,0x00000000d7180000)
 ParOldGen       total 68608K, used 30969K [0x0000000080000000, 0x0000000084300000, 0x00000000d5580000)
  object space 68608K, 45% used [0x0000000080000000,0x0000000081e3e638,0x0000000084300000)
 Metaspace       used 36868K, committed 37760K, reserved 1114112K
  class space    used 3722K, committed 4160K, reserved 1048576K
}
Event: 22.718 GC heap after
{Heap after GC invocations=22 (full 2):
 PSYoungGen      total 22528K, used 1007K [0x00000000d5580000, 0x00000000d7180000, 0x0000000100000000)
  eden space 21504K, 0% used [0x00000000d5580000,0x00000000d5580000,0x00000000d6a80000)
  from space 1024K, 98% used [0x00000000d7080000,0x00000000d717bc50,0x00000000d7180000)
  to   space 2048K, 0% used [0x00000000d6d80000,0x00000000d6d80000,0x00000000d6f80000)
 ParOldGen       total 68608K, used 31687K [0x0000000080000000, 0x0000000084300000, 0x00000000d5580000)
  object space 68608K, 46% used [0x0000000080000000,0x0000000081ef1c88,0x0000000084300000)
 Metaspace       used 36868K, committed 37760K, reserved 1114112K
  class space    used 3722K, committed 4160K, reserved 1048576K
}
Event: 22.794 GC heap before
{Heap before GC invocations=23 (full 2):
 PSYoungGen      total 22528K, used 22511K [0x00000000d5580000, 0x00000000d7180000, 0x0000000100000000)
  eden space 21504K, 100% used [0x00000000d5580000,0x00000000d6a80000,0x00000000d6a80000)
  from space 1024K, 98% used [0x00000000d7080000,0x00000000d717bc50,0x00000000d7180000)
  to   space 2048K, 0% used [0x00000000d6d80000,0x00000000d6d80000,0x00000000d6f80000)
 ParOldGen       total 68608K, used 31687K [0x0000000080000000, 0x0000000084300000, 0x00000000d5580000)
  object space 68608K, 46% used [0x0000000080000000,0x0000000081ef1c88,0x0000000084300000)
 Metaspace       used 36882K, committed 37760K, reserved 1114112K
  class space    used 3722K, committed 4160K, reserved 1048576K
}
Event: 22.796 GC heap after
{Heap after GC invocations=23 (full 2):
 PSYoungGen      total 23552K, used 1066K [0x00000000d5580000, 0x00000000d7100000, 0x0000000100000000)
  eden space 21504K, 0% used [0x00000000d5580000,0x00000000d5580000,0x00000000d6a80000)
  from space 2048K, 52% used [0x00000000d6d80000,0x00000000d6e8a998,0x00000000d6f80000)
  to   space 1536K, 0% used [0x00000000d6f80000,0x00000000d6f80000,0x00000000d7100000)
 ParOldGen       total 68608K, used 31943K [0x0000000080000000, 0x0000000084300000, 0x00000000d5580000)
  object space 68608K, 46% used [0x0000000080000000,0x0000000081f31c88,0x0000000084300000)
 Metaspace       used 36882K, committed 37760K, reserved 1114112K
  class space    used 3722K, committed 4160K, reserved 1048576K
}
Event: 23.354 GC heap before
{Heap before GC invocations=24 (full 2):
 PSYoungGen      total 23552K, used 22570K [0x00000000d5580000, 0x00000000d7100000, 0x0000000100000000)
  eden space 21504K, 100% used [0x00000000d5580000,0x00000000d6a80000,0x00000000d6a80000)
  from space 2048K, 52% used [0x00000000d6d80000,0x00000000d6e8a998,0x00000000d6f80000)
  to   space 1536K, 0% used [0x00000000d6f80000,0x00000000d6f80000,0x00000000d7100000)
 ParOldGen       total 68608K, used 31943K [0x0000000080000000, 0x0000000084300000, 0x00000000d5580000)
  object space 68608K, 46% used [0x0000000080000000,0x0000000081f31c88,0x0000000084300000)
 Metaspace       used 40467K, committed 41344K, reserved 1114112K
  class space    used 4053K, committed 4480K, reserved 1048576K
}
Event: 23.356 GC heap after
{Heap after GC invocations=24 (full 2):
 PSYoungGen      total 22528K, used 912K [0x00000000d5580000, 0x00000000d7080000, 0x0000000100000000)
  eden space 21504K, 0% used [0x00000000d5580000,0x00000000d5580000,0x00000000d6a80000)
  from space 1024K, 89% used [0x00000000d6f80000,0x00000000d7064010,0x00000000d7080000)
  to   space 1024K, 0% used [0x00000000d6e80000,0x00000000d6e80000,0x00000000d6f80000)
 ParOldGen       total 68608K, used 31975K [0x0000000080000000, 0x0000000084300000, 0x00000000d5580000)
  object space 68608K, 46% used [0x0000000080000000,0x0000000081f39c88,0x0000000084300000)
 Metaspace       used 40467K, committed 41344K, reserved 1114112K
  class space    used 4053K, committed 4480K, reserved 1048576K
}
Event: 23.829 GC heap before
{Heap before GC invocations=25 (full 2):
 PSYoungGen      total 22528K, used 22416K [0x00000000d5580000, 0x00000000d7080000, 0x0000000100000000)
  eden space 21504K, 100% used [0x00000000d5580000,0x00000000d6a80000,0x00000000d6a80000)
  from space 1024K, 89% used [0x00000000d6f80000,0x00000000d7064010,0x00000000d7080000)
  to   space 1024K, 0% used [0x00000000d6e80000,0x00000000d6e80000,0x00000000d6f80000)
 ParOldGen       total 68608K, used 31975K [0x0000000080000000, 0x0000000084300000, 0x00000000d5580000)
  object space 68608K, 46% used [0x0000000080000000,0x0000000081f39c88,0x0000000084300000)
 Metaspace       used 42705K, committed 43712K, reserved 1114112K
  class space    used 4285K, committed 4736K, reserved 1048576K
}
Event: 23.832 GC heap after
{Heap after GC invocations=25 (full 2):
 PSYoungGen      total 22528K, used 1006K [0x00000000d5580000, 0x00000000d7180000, 0x0000000100000000)
  eden space 21504K, 0% used [0x00000000d5580000,0x00000000d5580000,0x00000000d6a80000)
  from space 1024K, 98% used [0x00000000d6e80000,0x00000000d6f7ba58,0x00000000d6f80000)
  to   space 2048K, 0% used [0x00000000d6f80000,0x00000000d6f80000,0x00000000d7180000)
 ParOldGen       total 68608K, used 34116K [0x0000000080000000, 0x0000000084300000, 0x00000000d5580000)
  object space 68608K, 49% used [0x0000000080000000,0x0000000082151108,0x0000000084300000)
 Metaspace       used 42705K, committed 43712K, reserved 1114112K
  class space    used 4285K, committed 4736K, reserved 1048576K
}
Event: 24.350 GC heap before
{Heap before GC invocations=26 (full 2):
 PSYoungGen      total 22528K, used 22510K [0x00000000d5580000, 0x00000000d7180000, 0x0000000100000000)
  eden space 21504K, 100% used [0x00000000d5580000,0x00000000d6a80000,0x00000000d6a80000)
  from space 1024K, 98% used [0x00000000d6e80000,0x00000000d6f7ba58,0x00000000d6f80000)
  to   space 2048K, 0% used [0x00000000d6f80000,0x00000000d6f80000,0x00000000d7180000)
 ParOldGen       total 68608K, used 34116K [0x0000000080000000, 0x0000000084300000, 0x00000000d5580000)
  object space 68608K, 49% used [0x0000000080000000,0x0000000082151108,0x0000000084300000)
 Metaspace       used 43894K, committed 44864K, reserved 1114112K
  class space    used 4375K, committed 4800K, reserved 1048576K
}
Event: 24.354 GC heap after
{Heap after GC invocations=26 (full 2):
 PSYoungGen      total 23552K, used 2037K [0x00000000d5580000, 0x00000000d7380000, 0x0000000100000000)
  eden space 21504K, 0% used [0x00000000d5580000,0x00000000d5580000,0x00000000d6a80000)
  from space 2048K, 99% used [0x00000000d6f80000,0x00000000d717d608,0x00000000d7180000)
  to   space 4608K, 0% used [0x00000000d6a80000,0x00000000d6a80000,0x00000000d6f00000)
 ParOldGen       total 68608K, used 36148K [0x0000000080000000, 0x0000000084300000, 0x00000000d5580000)
  object space 68608K, 52% used [0x0000000080000000,0x000000008234d0b8,0x0000000084300000)
 Metaspace       used 43894K, committed 44864K, reserved 1114112K
  class space    used 4375K, committed 4800K, reserved 1048576K
}
Event: 25.096 GC heap before
{Heap before GC invocations=27 (full 2):
 PSYoungGen      total 23552K, used 23541K [0x00000000d5580000, 0x00000000d7380000, 0x0000000100000000)
  eden space 21504K, 100% used [0x00000000d5580000,0x00000000d6a80000,0x00000000d6a80000)
  from space 2048K, 99% used [0x00000000d6f80000,0x00000000d717d608,0x00000000d7180000)
  to   space 4608K, 0% used [0x00000000d6a80000,0x00000000d6a80000,0x00000000d6f00000)
 ParOldGen       total 68608K, used 36148K [0x0000000080000000, 0x0000000084300000, 0x00000000d5580000)
  object space 68608K, 52% used [0x0000000080000000,0x000000008234d0b8,0x0000000084300000)
 Metaspace       used 44608K, committed 45568K, reserved 1114112K
  class space    used 4426K, committed 4864K, reserved 1048576K
}
Event: 25.099 GC heap after
{Heap after GC invocations=27 (full 2):
 PSYoungGen      total 25088K, used 3540K [0x00000000d5580000, 0x00000000d7280000, 0x0000000100000000)
  eden space 21504K, 0% used [0x00000000d5580000,0x00000000d5580000,0x00000000d6a80000)
  from space 3584K, 98% used [0x00000000d6a80000,0x00000000d6df52e8,0x00000000d6e00000)
  to   space 4096K, 0% used [0x00000000d6e80000,0x00000000d6e80000,0x00000000d7280000)
 ParOldGen       total 68608K, used 37426K [0x0000000080000000, 0x0000000084300000, 0x00000000d5580000)
  object space 68608K, 54% used [0x0000000080000000,0x000000008248c810,0x0000000084300000)
 Metaspace       used 44608K, committed 45568K, reserved 1114112K
  class space    used 4426K, committed 4864K, reserved 1048576K
}
Event: 25.530 GC heap before
{Heap before GC invocations=28 (full 2):
 PSYoungGen      total 25088K, used 25044K [0x00000000d5580000, 0x00000000d7280000, 0x0000000100000000)
  eden space 21504K, 100% used [0x00000000d5580000,0x00000000d6a80000,0x00000000d6a80000)
  from space 3584K, 98% used [0x00000000d6a80000,0x00000000d6df52e8,0x00000000d6e00000)
  to   space 4096K, 0% used [0x00000000d6e80000,0x00000000d6e80000,0x00000000d7280000)
 ParOldGen       total 68608K, used 37426K [0x0000000080000000, 0x0000000084300000, 0x00000000d5580000)
  object space 68608K, 54% used [0x0000000080000000,0x000000008248c810,0x0000000084300000)
 Metaspace       used 45306K, committed 46336K, reserved 1114112K
  class space    used 4450K, committed 4928K, reserved 1048576K
}
Event: 25.534 GC heap after
{Heap after GC invocations=28 (full 2):
 PSYoungGen      total 23040K, used 1088K [0x00000000d5580000, 0x00000000d7000000, 0x0000000100000000)
  eden space 21504K, 0% used [0x00000000d5580000,0x00000000d5580000,0x00000000d6a80000)
  from space 1536K, 70% used [0x00000000d6e80000,0x00000000d6f90000,0x00000000d7000000)
  to   space 2048K, 0% used [0x00000000d6c00000,0x00000000d6c00000,0x00000000d6e00000)
 ParOldGen       total 68608K, used 40680K [0x0000000080000000, 0x0000000084300000, 0x00000000d5580000)
  object space 68608K, 59% used [0x0000000080000000,0x00000000827ba3a8,0x0000000084300000)
 Metaspace       used 45306K, committed 46336K, reserved 1114112K
  class space    used 4450K, committed 4928K, reserved 1048576K
}

