# JRE version: OpenJDK Runtime Environment Temurin-21.0.10+7 (21.0.10+7) (build 21.0.10+7-LTS)
# Java VM: OpenJDK 64-Bit Server VM Temurin-21.0.10+7 (21.0.10+7-LTS, mixed mode, sharing, tiered, compressed oops, compressed class ptrs, parallel gc, windows-amd64)
GC Precious Log:
 CardTable entry size: 512
 CPUs: 12 total, 12 available
 Memory: 5996M
 Large Page Support: Disabled
 NUMA Support: Disabled
 Compressed Oops: Enabled (32-bit)
 Alignments: Space 512K, Generation 512K, Heap 2M
 Heap Min Capacity: 100M
 Heap Initial Capacity: 100M
 Heap Max Capacity: 2G
 Pre-touch: Disabled
 Parallel Workers: 10
Heap:
 PSYoungGen      total 23552K, used 16592K [0x00000000d5580000, 0x00000000d7080000, 0x0000000100000000)
  eden space 20480K, 67% used [0x00000000d5580000,0x00000000d62f2668,0x00000000d6980000)
  from space 3072K, 91% used [0x00000000d6d80000,0x00000000d7041d90,0x00000000d7080000)
  to   space 3072K, 0% used [0x00000000d6a80000,0x00000000d6a80000,0x00000000d6d80000)
 ParOldGen       total 68608K, used 63338K [0x0000000080000000, 0x0000000084300000, 0x00000000d5580000)
  object space 68608K, 92% used [0x0000000080000000,0x0000000083dda9a8,0x0000000084300000)
 Metaspace       used 66617K, committed 68096K, reserved 1114112K
  class space    used 7125K, committed 7744K, reserved 1048576K
GC Heap History (20 events):
Event: 39.372 GC heap before
{Heap before GC invocations=42 (full 3):
 PSYoungGen      total 23040K, used 23040K [0x00000000d5580000, 0x00000000d6f00000, 0x0000000100000000)
  eden space 21504K, 100% used [0x00000000d5580000,0x00000000d6a80000,0x00000000d6a80000)
  from space 1536K, 100% used [0x00000000d6d80000,0x00000000d6f00000,0x00000000d6f00000)
  to   space 2048K, 0% used [0x00000000d6b00000,0x00000000d6b00000,0x00000000d6d00000)
 ParOldGen       total 68608K, used 45070K [0x0000000080000000, 0x0000000084300000, 0x00000000d5580000)
  object space 68608K, 65% used [0x0000000080000000,0x0000000082c03a50,0x0000000084300000)
 Metaspace       used 60915K, committed 62208K, reserved 1114112K
  class space    used 6614K, committed 7168K, reserved 1048576K
}
Event: 39.375 GC heap after
{Heap after GC invocations=42 (full 3):
 PSYoungGen      total 23552K, used 2048K [0x00000000d5580000, 0x00000000d7280000, 0x0000000100000000)
  eden space 21504K, 0% used [0x00000000d5580000,0x00000000d5580000,0x00000000d6a80000)
  from space 2048K, 100% used [0x00000000d6b00000,0x00000000d6d00000,0x00000000d6d00000)
  to   space 4096K, 0% used [0x00000000d6e80000,0x00000000d6e80000,0x00000000d7280000)
 ParOldGen       total 68608K, used 46386K [0x0000000080000000, 0x0000000084300000, 0x00000000d5580000)
  object space 68608K, 67% used [0x0000000080000000,0x0000000082d4caf8,0x0000000084300000)
 Metaspace       used 60915K, committed 62208K, reserved 1114112K
  class space    used 6614K, committed 7168K, reserved 1048576K
}
Event: 39.433 GC heap before
{Heap before GC invocations=43 (full 3):
 PSYoungGen      total 23552K, used 23552K [0x00000000d5580000, 0x00000000d7280000, 0x0000000100000000)
  eden space 21504K, 100% used [0x00000000d5580000,0x00000000d6a80000,0x00000000d6a80000)
  from space 2048K, 100% used [0x00000000d6b00000,0x00000000d6d00000,0x00000000d6d00000)
  to   space 4096K, 0% used [0x00000000d6e80000,0x00000000d6e80000,0x00000000d7280000)
 ParOldGen       total 68608K, used 46386K [0x0000000080000000, 0x0000000084300000, 0x00000000d5580000)
  object space 68608K, 67% used [0x0000000080000000,0x0000000082d4caf8,0x0000000084300000)
 Metaspace       used 60927K, committed 62208K, reserved 1114112K
  class space    used 6614K, committed 7168K, reserved 1048576K
}
Event: 39.436 GC heap after
{Heap after GC invocations=43 (full 3):
 PSYoungGen      total 24576K, used 4096K [0x00000000d5580000, 0x00000000d7480000, 0x0000000100000000)
  eden space 20480K, 0% used [0x00000000d5580000,0x00000000d5580000,0x00000000d6980000)
  from space 4096K, 100% used [0x00000000d6e80000,0x00000000d7280000,0x00000000d7280000)
  to   space 5120K, 0% used [0x00000000d6980000,0x00000000d6980000,0x00000000d6e80000)
 ParOldGen       total 68608K, used 46838K [0x0000000080000000, 0x0000000084300000, 0x00000000d5580000)
  object space 68608K, 68% used [0x0000000080000000,0x0000000082dbdb70,0x0000000084300000)
 Metaspace       used 60927K, committed 62208K, reserved 1114112K
  class space    used 6614K, committed 7168K, reserved 1048576K
}
Event: 39.537 GC heap before
{Heap before GC invocations=44 (full 3):
 PSYoungGen      total 24576K, used 24576K [0x00000000d5580000, 0x00000000d7480000, 0x0000000100000000)
  eden space 20480K, 100% used [0x00000000d5580000,0x00000000d6980000,0x00000000d6980000)
  from space 4096K, 100% used [0x00000000d6e80000,0x00000000d7280000,0x00000000d7280000)
  to   space 5120K, 0% used [0x00000000d6980000,0x00000000d6980000,0x00000000d6e80000)
 ParOldGen       total 68608K, used 46838K [0x0000000080000000, 0x0000000084300000, 0x00000000d5580000)
  object space 68608K, 68% used [0x0000000080000000,0x0000000082dbdb70,0x0000000084300000)
 Metaspace       used 60967K, committed 62336K, reserved 1114112K
  class space    used 6620K, committed 7232K, reserved 1048576K
}
Event: 39.541 GC heap after
{Heap after GC invocations=44 (full 3):
 PSYoungGen      total 25600K, used 5088K [0x00000000d5580000, 0x00000000d7880000, 0x0000000100000000)
  eden space 20480K, 0% used [0x00000000d5580000,0x00000000d5580000,0x00000000d6980000)
  from space 5120K, 99% used [0x00000000d6980000,0x00000000d6e78028,0x00000000d6e80000)
  to   space 7680K, 0% used [0x00000000d7100000,0x00000000d7100000,0x00000000d7880000)
 ParOldGen       total 68608K, used 48815K [0x0000000080000000, 0x0000000084300000, 0x00000000d5580000)
  object space 68608K, 71% used [0x0000000080000000,0x0000000082fabd80,0x0000000084300000)
 Metaspace       used 60967K, committed 62336K, reserved 1114112K
  class space    used 6620K, committed 7232K, reserved 1048576K
}
Event: 40.644 GC heap before
{Heap before GC invocations=45 (full 3):
 PSYoungGen      total 25600K, used 25568K [0x00000000d5580000, 0x00000000d7880000, 0x0000000100000000)
  eden space 20480K, 100% used [0x00000000d5580000,0x00000000d6980000,0x00000000d6980000)
  from space 5120K, 99% used [0x00000000d6980000,0x00000000d6e78028,0x00000000d6e80000)
  to   space 7680K, 0% used [0x00000000d7100000,0x00000000d7100000,0x00000000d7880000)
 ParOldGen       total 68608K, used 48815K [0x0000000080000000, 0x0000000084300000, 0x00000000d5580000)
  object space 68608K, 71% used [0x0000000080000000,0x0000000082fabd80,0x0000000084300000)
 Metaspace       used 61874K, committed 63232K, reserved 1114112K
  class space    used 6709K, committed 7296K, reserved 1048576K
}
Event: 40.646 GC heap after
{Heap after GC invocations=45 (full 3):
 PSYoungGen      total 21504K, used 762K [0x00000000d5580000, 0x00000000d7200000, 0x0000000100000000)
  eden space 20480K, 0% used [0x00000000d5580000,0x00000000d5580000,0x00000000d6980000)
  from space 1024K, 74% used [0x00000000d7100000,0x00000000d71be960,0x00000000d7200000)
  to   space 3072K, 0% used [0x00000000d6c00000,0x00000000d6c00000,0x00000000d6f00000)
 ParOldGen       total 68608K, used 49199K [0x0000000080000000, 0x0000000084300000, 0x00000000d5580000)
  object space 68608K, 71% used [0x0000000080000000,0x000000008300bd70,0x0000000084300000)
 Metaspace       used 61874K, committed 63232K, reserved 1114112K
  class space    used 6709K, committed 7296K, reserved 1048576K
}
Event: 42.118 GC heap before
{Heap before GC invocations=46 (full 3):
 PSYoungGen      total 21504K, used 21242K [0x00000000d5580000, 0x00000000d7200000, 0x0000000100000000)
  eden space 20480K, 100% used [0x00000000d5580000,0x00000000d6980000,0x00000000d6980000)
  from space 1024K, 74% used [0x00000000d7100000,0x00000000d71be960,0x00000000d7200000)
  to   space 3072K, 0% used [0x00000000d6c00000,0x00000000d6c00000,0x00000000d6f00000)
 ParOldGen       total 68608K, used 49199K [0x0000000080000000, 0x0000000084300000, 0x00000000d5580000)
  object space 68608K, 71% used [0x0000000080000000,0x000000008300bd70,0x0000000084300000)
 Metaspace       used 61886K, committed 63232K, reserved 1114112K
  class space    used 6710K, committed 7296K, reserved 1048576K
}
Event: 42.120 GC heap after
{Heap after GC invocations=46 (full 3):
 PSYoungGen      total 23552K, used 256K [0x00000000d5580000, 0x00000000d7180000, 0x0000000100000000)
  eden space 20480K, 0% used [0x00000000d5580000,0x00000000d5580000,0x00000000d6980000)
  from space 3072K, 8% used [0x00000000d6c00000,0x00000000d6c40000,0x00000000d6f00000)
  to   space 1024K, 0% used [0x00000000d7080000,0x00000000d7080000,0x00000000d7180000)
 ParOldGen       total 68608K, used 49834K [0x0000000080000000, 0x0000000084300000, 0x00000000d5580000)
  object space 68608K, 72% used [0x0000000080000000,0x00000000830aa8a8,0x0000000084300000)
 Metaspace       used 61886K, committed 63232K, reserved 1114112K
  class space    used 6710K, committed 7296K, reserved 1048576K
}
Event: 42.575 GC heap before
{Heap before GC invocations=47 (full 3):
 PSYoungGen      total 23552K, used 20730K [0x00000000d5580000, 0x00000000d7180000, 0x0000000100000000)
  eden space 20480K, 99% used [0x00000000d5580000,0x00000000d697ead8,0x00000000d6980000)
  from space 3072K, 8% used [0x00000000d6c00000,0x00000000d6c40000,0x00000000d6f00000)
  to   space 1024K, 0% used [0x00000000d7080000,0x00000000d7080000,0x00000000d7180000)
 ParOldGen       total 68608K, used 49834K [0x0000000080000000, 0x0000000084300000, 0x00000000d5580000)
  object space 68608K, 72% used [0x0000000080000000,0x00000000830aa8a8,0x0000000084300000)
 Metaspace       used 64282K, committed 65600K, reserved 1114112K
  class space    used 6965K, committed 7552K, reserved 1048576K
}
Event: 42.577 GC heap after
{Heap after GC invocations=47 (full 3):
 PSYoungGen      total 21504K, used 1023K [0x00000000d5580000, 0x00000000d7180000, 0x0000000100000000)
  eden space 20480K, 0% used [0x00000000d5580000,0x00000000d5580000,0x00000000d6980000)
  from space 1024K, 99% used [0x00000000d7080000,0x00000000d717fdc8,0x00000000d7180000)
  to   space 2048K, 0% used [0x00000000d6d80000,0x00000000d6d80000,0x00000000d6f80000)
 ParOldGen       total 68608K, used 50459K [0x0000000080000000, 0x0000000084300000, 0x00000000d5580000)
  object space 68608K, 73% used [0x0000000080000000,0x0000000083146db0,0x0000000084300000)
 Metaspace       used 64282K, committed 65600K, reserved 1114112K
  class space    used 6965K, committed 7552K, reserved 1048576K
}
Event: 42.864 GC heap before
{Heap before GC invocations=48 (full 3):
 PSYoungGen      total 21504K, used 21370K [0x00000000d5580000, 0x00000000d7180000, 0x0000000100000000)
  eden space 20480K, 99% used [0x00000000d5580000,0x00000000d695ecb8,0x00000000d6980000)
  from space 1024K, 99% used [0x00000000d7080000,0x00000000d717fdc8,0x00000000d7180000)
  to   space 2048K, 0% used [0x00000000d6d80000,0x00000000d6d80000,0x00000000d6f80000)
 ParOldGen       total 68608K, used 50459K [0x0000000080000000, 0x0000000084300000, 0x00000000d5580000)
  object space 68608K, 73% used [0x0000000080000000,0x0000000083146db0,0x0000000084300000)
 Metaspace       used 64791K, committed 66112K, reserved 1114112K
  class space    used 6995K, committed 7552K, reserved 1048576K
}
Event: 42.868 GC heap after
{Heap after GC invocations=48 (full 3):
 PSYoungGen      total 22528K, used 2025K [0x00000000d5580000, 0x00000000d7480000, 0x0000000100000000)
  eden space 20480K, 0% used [0x00000000d5580000,0x00000000d5580000,0x00000000d6980000)
  from space 2048K, 98% used [0x00000000d6d80000,0x00000000d6f7a7c0,0x00000000d6f80000)
  to   space 5120K, 0% used [0x00000000d6f80000,0x00000000d6f80000,0x00000000d7480000)
 ParOldGen       total 68608K, used 53227K [0x0000000080000000, 0x0000000084300000, 0x00000000d5580000)
  object space 68608K, 77% used [0x0000000080000000,0x00000000833fae30,0x0000000084300000)
 Metaspace       used 64791K, committed 66112K, reserved 1114112K
  class space    used 6995K, committed 7552K, reserved 1048576K
}
Event: 43.281 GC heap before
{Heap before GC invocations=49 (full 3):
 PSYoungGen      total 22528K, used 22492K [0x00000000d5580000, 0x00000000d7480000, 0x0000000100000000)
  eden space 20480K, 99% used [0x00000000d5580000,0x00000000d697c9f8,0x00000000d6980000)
  from space 2048K, 98% used [0x00000000d6d80000,0x00000000d6f7a7c0,0x00000000d6f80000)
  to   space 5120K, 0% used [0x00000000d6f80000,0x00000000d6f80000,0x00000000d7480000)
 ParOldGen       total 68608K, used 53227K [0x0000000080000000, 0x0000000084300000, 0x00000000d5580000)
  object space 68608K, 77% used [0x0000000080000000,0x00000000833fae30,0x0000000084300000)
 Metaspace       used 65534K, committed 66944K, reserved 1114112K
  class space    used 7038K, committed 7616K, reserved 1048576K
}
Event: 43.285 GC heap after
{Heap after GC invocations=49 (full 3):
 PSYoungGen      total 24576K, used 3973K [0x00000000d5580000, 0x00000000d7380000, 0x0000000100000000)
  eden space 20480K, 0% used [0x00000000d5580000,0x00000000d5580000,0x00000000d6980000)
  from space 4096K, 97% used [0x00000000d6f80000,0x00000000d73616c0,0x00000000d7380000)
  to   space 4608K, 0% used [0x00000000d6a80000,0x00000000d6a80000,0x00000000d6f00000)
 ParOldGen       total 68608K, used 55212K [0x0000000080000000, 0x0000000084300000, 0x00000000d5580000)
  object space 68608K, 80% used [0x0000000080000000,0x00000000835eb030,0x0000000084300000)
 Metaspace       used 65534K, committed 66944K, reserved 1114112K
  class space    used 7038K, committed 7616K, reserved 1048576K
}
Event: 43.541 GC heap before
{Heap before GC invocations=50 (full 3):
 PSYoungGen      total 24576K, used 24453K [0x00000000d5580000, 0x00000000d7380000, 0x0000000100000000)
  eden space 20480K, 100% used [0x00000000d5580000,0x00000000d6980000,0x00000000d6980000)
  from space 4096K, 97% used [0x00000000d6f80000,0x00000000d73616c0,0x00000000d7380000)
  to   space 4608K, 0% used [0x00000000d6a80000,0x00000000d6a80000,0x00000000d6f00000)
 ParOldGen       total 68608K, used 55212K [0x0000000080000000, 0x0000000084300000, 0x00000000d5580000)
  object space 68608K, 80% used [0x0000000080000000,0x00000000835eb030,0x0000000084300000)
 Metaspace       used 66205K, committed 67712K, reserved 1114112K
  class space    used 7094K, committed 7744K, reserved 1048576K
}
Event: 43.546 GC heap after
{Heap after GC invocations=50 (full 3):
 PSYoungGen      total 23552K, used 2999K [0x00000000d5580000, 0x00000000d7080000, 0x0000000100000000)
  eden space 20480K, 0% used [0x00000000d5580000,0x00000000d5580000,0x00000000d6980000)
  from space 3072K, 97% used [0x00000000d6a80000,0x00000000d6d6dd98,0x00000000d6d80000)
  to   space 3072K, 0% used [0x00000000d6d80000,0x00000000d6d80000,0x00000000d7080000)
 ParOldGen       total 68608K, used 58619K [0x0000000080000000, 0x0000000084300000, 0x00000000d5580000)
  object space 68608K, 85% used [0x0000000080000000,0x000000008393ede0,0x0000000084300000)
 Metaspace       used 66205K, committed 67712K, reserved 1114112K
  class space    used 7094K, committed 7744K, reserved 1048576K
}
Event: 43.879 GC heap before
{Heap before GC invocations=51 (full 3):
 PSYoungGen      total 23552K, used 22449K [0x00000000d5580000, 0x00000000d7080000, 0x0000000100000000)
  eden space 20480K, 94% used [0x00000000d5580000,0x00000000d687e7c0,0x00000000d6980000)
  from space 3072K, 97% used [0x00000000d6a80000,0x00000000d6d6dd98,0x00000000d6d80000)
  to   space 3072K, 0% used [0x00000000d6d80000,0x00000000d6d80000,0x00000000d7080000)
 ParOldGen       total 68608K, used 58619K [0x0000000080000000, 0x0000000084300000, 0x00000000d5580000)
  object space 68608K, 85% used [0x0000000080000000,0x000000008393ede0,0x0000000084300000)
 Metaspace       used 66606K, committed 68096K, reserved 1114112K
  class space    used 7125K, committed 7744K, reserved 1048576K
}
Event: 43.883 GC heap after
{Heap after GC invocations=51 (full 3):
 PSYoungGen      total 23552K, used 2823K [0x00000000d5580000, 0x00000000d7080000, 0x0000000100000000)
  eden space 20480K, 0% used [0x00000000d5580000,0x00000000d5580000,0x00000000d6980000)
  from space 3072K, 91% used [0x00000000d6d80000,0x00000000d7041d90,0x00000000d7080000)
  to   space 3072K, 0% used [0x00000000d6a80000,0x00000000d6a80000,0x00000000d6d80000)
 ParOldGen       total 68608K, used 63338K [0x0000000080000000, 0x0000000084300000, 0x00000000d5580000)
  object space 68608K, 92% used [0x0000000080000000,0x0000000083dda9a8,0x0000000084300000)
 Metaspace       used 66606K, committed 68096K, reserved 1114112K
  class space    used 7125K, committed 7744K, reserved 1048576K
}

